0 info it worked if it ends with ok
1 verbose cli [ '/home/ubuntu/.nvm/versions/node/v4.7.3/bin/node',
1 verbose cli   '/home/ubuntu/.nvm/versions/node/v4.7.3/bin/npm',
1 verbose cli   'update',
1 verbose cli   'node' ]
2 info using npm@2.15.11
3 info using node@v4.7.3
4 silly mapToRegistry name node
5 silly mapToRegistry using default registry
6 silly mapToRegistry registry https://registry.npmjs.org/
7 silly mapToRegistry data Result {
7 silly mapToRegistry   raw: 'node',
7 silly mapToRegistry   scope: null,
7 silly mapToRegistry   name: 'node',
7 silly mapToRegistry   rawSpec: '',
7 silly mapToRegistry   spec: 'latest',
7 silly mapToRegistry   type: 'tag' }
8 silly mapToRegistry uri https://registry.npmjs.org/node
9 verbose request uri https://registry.npmjs.org/node
10 verbose request no auth needed
11 info attempt registry request try #1 at 1:05:19 PM
12 verbose request id 21271c96d8e1970e
13 verbose etag W/"561c5238-43d"
14 verbose lastModified Tue, 13 Oct 2015 00:37:12 GMT
15 http request GET https://registry.npmjs.org/node
16 http 304 https://registry.npmjs.org/node
17 verbose headers { date: 'Fri, 28 Apr 2017 13:05:19 GMT',
17 verbose headers   via: '1.1 varnish',
17 verbose headers   'cache-control': 'max-age=300',
17 verbose headers   etag: 'W/"561c5238-43d"',
17 verbose headers   age: '35',
17 verbose headers   connection: 'keep-alive',
17 verbose headers   'x-served-by': 'cache-ord1730-ORD',
17 verbose headers   'x-cache': 'HIT',
17 verbose headers   'x-cache-hits': '1',
17 verbose headers   'x-timer': 'S1493384720.592143,VS0,VE1',
17 verbose headers   vary: 'Accept-Encoding' }
18 silly get cb [ 304,
18 silly get   { date: 'Fri, 28 Apr 2017 13:05:19 GMT',
18 silly get     via: '1.1 varnish',
18 silly get     'cache-control': 'max-age=300',
18 silly get     etag: 'W/"561c5238-43d"',
18 silly get     age: '35',
18 silly get     connection: 'keep-alive',
18 silly get     'x-served-by': 'cache-ord1730-ORD',
18 silly get     'x-cache': 'HIT',
18 silly get     'x-cache-hits': '1',
18 silly get     'x-timer': 'S1493384720.592143,VS0,VE1',
18 silly get     vary: 'Accept-Encoding' } ]
19 verbose etag https://registry.npmjs.org/node from cache
20 verbose get saving node to /home/ubuntu/.npm/registry.npmjs.org/node/.cache.json
21 verbose correctMkdir /home/ubuntu/.npm correctMkdir not in flight; initializing
22 silly cache add args [ 'node', '~6.10.2' ]
23 verbose cache add spec node@~6.10.2
24 silly cache add parsed spec Result {
24 silly cache add   raw: 'node@~6.10.2',
24 silly cache add   scope: null,
24 silly cache add   name: 'node',
24 silly cache add   rawSpec: '~6.10.2',
24 silly cache add   spec: '>=6.10.2 <6.11.0',
24 silly cache add   type: 'range' }
25 silly addNamed node@>=6.10.2 <6.11.0
26 verbose addNamed ">=6.10.2 <6.11.0" is a valid semver range for node
27 silly addNameRange { name: 'node', range: '>=6.10.2 <6.11.0', hasData: false }
28 silly mapToRegistry name node
29 silly mapToRegistry using default registry
30 silly mapToRegistry registry https://registry.npmjs.org/
31 silly mapToRegistry data Result {
31 silly mapToRegistry   raw: 'node',
31 silly mapToRegistry   scope: null,
31 silly mapToRegistry   name: 'node',
31 silly mapToRegistry   rawSpec: '',
31 silly mapToRegistry   spec: 'latest',
31 silly mapToRegistry   type: 'tag' }
32 silly mapToRegistry uri https://registry.npmjs.org/node
33 verbose addNameRange registry:https://registry.npmjs.org/node not in flight; fetching
34 verbose get https://registry.npmjs.org/node not expired, no request
35 silly addNameRange number 2 { name: 'node', range: '>=6.10.2 <6.11.0', hasData: true }
36 silly addNameRange versions [ 'node', [ '0.0.0' ] ]
37 verbose stack Error: No compatible version found: node@'>=6.10.2 <6.11.0'
37 verbose stack Valid install targets:
37 verbose stack ["0.0.0"]
37 verbose stack
37 verbose stack     at installTargetsError (/home/ubuntu/.nvm/versions/node/v4.7.3/lib/node_modules/npm/lib/cache/add-named.js:284:12)
37 verbose stack     at next (/home/ubuntu/.nvm/versions/node/v4.7.3/lib/node_modules/npm/lib/cache/add-named.js:262:19)
37 verbose stack     at setData (/home/ubuntu/.nvm/versions/node/v4.7.3/lib/node_modules/npm/lib/cache/add-named.js:236:5)
37 verbose stack     at RES (/home/ubuntu/.nvm/versions/node/v4.7.3/lib/node_modules/npm/node_modules/inflight/inflight.js:23:14)
37 verbose stack     at f (/home/ubuntu/.nvm/versions/node/v4.7.3/lib/node_modules/npm/node_modules/once/once.js:25:25)
37 verbose stack     at fixName (/home/ubuntu/.nvm/versions/node/v4.7.3/lib/node_modules/npm/lib/cache/add-named.js:29:5)
37 verbose stack     at CachingRegistryClient.get_ (/home/ubuntu/.nvm/versions/node/v4.7.3/lib/node_modules/npm/lib/cache/caching-client.js:125:16)
37 verbose stack     at /home/ubuntu/.nvm/versions/node/v4.7.3/lib/node_modules/npm/lib/cache/caching-client.js:91:14
37 verbose stack     at /home/ubuntu/.nvm/versions/node/v4.7.3/lib/node_modules/npm/node_modules/graceful-fs/graceful-fs.js:78:16
37 verbose stack     at FSReqWrap.readFileAfterClose [as oncomplete] (fs.js:380:3)
38 verbose cwd /home/ubuntu/workspace/website
39 error Linux 4.9.17-c9
40 error argv "/home/ubuntu/.nvm/versions/node/v4.7.3/bin/node" "/home/ubuntu/.nvm/versions/node/v4.7.3/bin/npm" "update" "node"
41 error node v4.7.3
42 error npm  v2.15.11
43 error code ETARGET
44 error notarget No compatible version found: node@'>=6.10.2 <6.11.0'
44 error notarget Valid install targets:
44 error notarget ["0.0.0"]
44 error notarget
44 error notarget This is most likely not a problem with npm itself.
44 error notarget In most cases you or one of your dependencies are requesting
44 error notarget a package version that doesn't exist.
45 verbose exit [ 1, true ]
